<?xml version="1.0" encoding="UTF-8"?>
<testng-results ignored="0" total="1" passed="1" failed="0" skipped="0">
  <reporter-output>
  </reporter-output>
  <suite started-at="2022-12-04T07:15:55Z" name="Default suite" finished-at="2022-12-04T07:16:00Z" duration-ms="4659">
    <groups>
    </groups>
    <test started-at="2022-12-04T07:15:55Z" name="Default test" finished-at="2022-12-04T07:16:00Z" duration-ms="4659">
      <class name="restGitHub.CreateRepo">
        <test-method signature="test1()[pri:0, instance:restGitHub.CreateRepo@3b8f0a79]" started-at="2022-12-04T07:15:55Z" name="test1" finished-at="2022-12-04T07:16:00Z" duration-ms="4623" status="PASS">
          <reporter-output>
          </reporter-output>
        </test-method> <!-- test1 -->
      </class> <!-- restGitHub.CreateRepo -->
    </test> <!-- Default test -->
  </suite> <!-- Default suite -->
</testng-results>
