<?xml version="1.0" encoding="UTF-8"?>
<!-- Generated by org.testng.reporters.JUnitXMLReporter -->
<testsuite ignored="3" hostname="LAPTOP-HRQAA664" failures="0" tests="3" name="Test" time="0.069" errors="0" timestamp="2022-09-03T02:34:51 CDT">
  <testcase classname="test.LoanTest" name="HomeLoanTest" time="0.005"/>
  <testcase classname="test.LoanTest" name="PersonalLoanTest" time="0.001"/>
  <testcase classname="test.LoanTest" name="PersonalLoanTest1" time="0.001"/>
  <testcase classname="test.BaseClass" name="@AfterTest method4" time="0.0">
    <ignored/>
  </testcase> <!-- @AfterTest method4 -->
  <testcase classname="test.CardTest" name="CCTest" time="0.0">
    <ignored/>
  </testcase> <!-- CCTest -->
  <testcase classname="test.BaseClass" name="@BeforeTest method3" time="0.0">
    <ignored/>
  </testcase> <!-- @BeforeTest method3 -->
</testsuite> <!-- Test -->
