<?xml version="1.0" encoding="UTF-8"?>
<testng-results ignored="1" total="1" passed="0" failed="0" skipped="0">
  <reporter-output>
  </reporter-output>
  <suite started-at="2022-09-03T22:55:21 CDT" name="Default suite" finished-at="2022-09-03T22:55:21 CDT" duration-ms="21">
    <groups>
    </groups>
    <test started-at="2022-09-03T22:55:21 CDT" name="Default test" finished-at="2022-09-03T22:55:21 CDT" duration-ms="21">
      <class name="test.CardTest">
        <test-method is-config="true" signature="method3()[pri:0, instance:test.CardTest@378542de]" started-at="2022-09-03T22:55:21 CDT" name="method3" finished-at="2022-09-03T22:55:21 CDT" duration-ms="10" status="PASS">
          <reporter-output>
          </reporter-output>
        </test-method> <!-- method3 -->
        <test-method is-config="true" signature="method4()[pri:0, instance:test.CardTest@378542de]" started-at="2022-09-03T22:55:21 CDT" name="method4" finished-at="2022-09-03T22:55:21 CDT" duration-ms="0" status="PASS">
          <reporter-output>
          </reporter-output>
        </test-method> <!-- method4 -->
      </class> <!-- test.CardTest -->
    </test> <!-- Default test -->
  </suite> <!-- Default suite -->
</testng-results>
